# JRE version: Java(TM) SE Runtime Environment (21.0.1+12) (build 21.0.1+12-LTS-29)
# Java VM: Java HotSpot(TM) 64-Bit Server VM (21.0.1+12-LTS-29, mixed mode, sharing, tiered, compressed oops, compressed class ptrs, parallel gc, windows-amd64)
GC Precious Log:
 CardTable entry size: 512
 CPUs: 12 total, 12 available
 Memory: 15733M
 Large Page Support: Disabled
 NUMA Support: Disabled
 Compressed Oops: Enabled (Zero based)
 Alignments: Space 512K, Generation 512K, Heap 2M
 Heap Min Capacity: 8M
 Heap Initial Capacity: 246M
 Heap Max Capacity: 6G
 Pre-touch: Disabled
 Parallel Workers: 10
Heap:
 PSYoungGen      total 130048K, used 91840K [0x0000000780000000, 0x000000078ac00000, 0x0000000800000000)
  eden space 118784K, 76% used [0x0000000780000000,0x00000007858a4278,0x0000000787400000)
  from space 11264K, 9% used [0x0000000787400000,0x000000078750c010,0x0000000787f00000)
  to   space 10752K, 0% used [0x000000078a180000,0x000000078a180000,0x000000078ac00000)
 ParOldGen       total 167936K, used 71589K [0x0000000680000000, 0x000000068a400000, 0x0000000780000000)
  object space 167936K, 42% used [0x0000000680000000,0x00000006845e9490,0x000000068a400000)
 Metaspace       used 46451K, committed 47808K, reserved 917504K
  class space    used 6485K, committed 7168K, reserved 851968K
GC Heap History (20 events):
Event: 11.776 GC heap before
{Heap before GC invocations=24 (full 2):
 PSYoungGen      total 67584K, used 50304K [0x0000000780000000, 0x0000000786600000, 0x0000000800000000)
  eden space 49664K, 100% used [0x0000000780000000,0x0000000783080000,0x0000000783080000)
  from space 17920K, 3% used [0x0000000783080000,0x0000000783120000,0x0000000784200000)
  to   space 17408K, 0% used [0x0000000785500000,0x0000000785500000,0x0000000786600000)
 ParOldGen       total 167936K, used 57217K [0x0000000680000000, 0x000000068a400000, 0x0000000780000000)
  object space 167936K, 34% used [0x0000000680000000,0x00000006837e0648,0x000000068a400000)
 Metaspace       used 45769K, committed 47168K, reserved 917504K
  class space    used 6411K, committed 7104K, reserved 851968K
}
Event: 11.778 GC heap after
{Heap after GC invocations=24 (full 2):
 PSYoungGen      total 84992K, used 704K [0x0000000780000000, 0x0000000786400000, 0x0000000800000000)
  eden space 69632K, 0% used [0x0000000780000000,0x0000000780000000,0x0000000784400000)
  from space 15360K, 4% used [0x0000000785500000,0x00000007855b0000,0x0000000786400000)
  to   space 16384K, 0% used [0x0000000784400000,0x0000000784400000,0x0000000785400000)
 ParOldGen       total 167936K, used 57705K [0x0000000680000000, 0x000000068a400000, 0x0000000780000000)
  object space 167936K, 34% used [0x0000000680000000,0x000000068385a648,0x000000068a400000)
 Metaspace       used 45769K, committed 47168K, reserved 917504K
  class space    used 6411K, committed 7104K, reserved 851968K
}
Event: 11.973 GC heap before
{Heap before GC invocations=25 (full 2):
 PSYoungGen      total 84992K, used 70336K [0x0000000780000000, 0x0000000786400000, 0x0000000800000000)
  eden space 69632K, 100% used [0x0000000780000000,0x0000000784400000,0x0000000784400000)
  from space 15360K, 4% used [0x0000000785500000,0x00000007855b0000,0x0000000786400000)
  to   space 16384K, 0% used [0x0000000784400000,0x0000000784400000,0x0000000785400000)
 ParOldGen       total 167936K, used 57705K [0x0000000680000000, 0x000000068a400000, 0x0000000780000000)
  object space 167936K, 34% used [0x0000000680000000,0x000000068385a648,0x000000068a400000)
 Metaspace       used 45811K, committed 47232K, reserved 917504K
  class space    used 6418K, committed 7104K, reserved 851968K
}
Event: 11.975 GC heap after
{Heap after GC invocations=25 (full 2):
 PSYoungGen      total 86016K, used 904K [0x0000000780000000, 0x0000000787e80000, 0x0000000800000000)
  eden space 69632K, 0% used [0x0000000780000000,0x0000000780000000,0x0000000784400000)
  from space 16384K, 5% used [0x0000000784400000,0x00000007844e2338,0x0000000785400000)
  to   space 15872K, 0% used [0x0000000786f00000,0x0000000786f00000,0x0000000787e80000)
 ParOldGen       total 167936K, used 58217K [0x0000000680000000, 0x000000068a400000, 0x0000000780000000)
  object space 167936K, 34% used [0x0000000680000000,0x00000006838da648,0x000000068a400000)
 Metaspace       used 45811K, committed 47232K, reserved 917504K
  class space    used 6418K, committed 7104K, reserved 851968K
}
Event: 12.155 GC heap before
{Heap before GC invocations=26 (full 2):
 PSYoungGen      total 86016K, used 70536K [0x0000000780000000, 0x0000000787e80000, 0x0000000800000000)
  eden space 69632K, 100% used [0x0000000780000000,0x0000000784400000,0x0000000784400000)
  from space 16384K, 5% used [0x0000000784400000,0x00000007844e2338,0x0000000785400000)
  to   space 15872K, 0% used [0x0000000786f00000,0x0000000786f00000,0x0000000787e80000)
 ParOldGen       total 167936K, used 58217K [0x0000000680000000, 0x000000068a400000, 0x0000000780000000)
  object space 167936K, 34% used [0x0000000680000000,0x00000006838da648,0x000000068a400000)
 Metaspace       used 45811K, committed 47232K, reserved 917504K
  class space    used 6418K, committed 7104K, reserved 851968K
}
Event: 12.157 GC heap after
{Heap after GC invocations=26 (full 2):
 PSYoungGen      total 111616K, used 896K [0x0000000780000000, 0x0000000787c80000, 0x0000000800000000)
  eden space 97792K, 0% used [0x0000000780000000,0x0000000780000000,0x0000000785f80000)
  from space 13824K, 6% used [0x0000000786f00000,0x0000000786fe0000,0x0000000787c80000)
  to   space 14848K, 0% used [0x0000000785f80000,0x0000000785f80000,0x0000000786e00000)
 ParOldGen       total 167936K, used 58849K [0x0000000680000000, 0x000000068a400000, 0x0000000780000000)
  object space 167936K, 35% used [0x0000000680000000,0x0000000683978648,0x000000068a400000)
 Metaspace       used 45811K, committed 47232K, reserved 917504K
  class space    used 6418K, committed 7104K, reserved 851968K
}
Event: 12.451 GC heap before
{Heap before GC invocations=27 (full 2):
 PSYoungGen      total 111616K, used 98688K [0x0000000780000000, 0x0000000787c80000, 0x0000000800000000)
  eden space 97792K, 100% used [0x0000000780000000,0x0000000785f80000,0x0000000785f80000)
  from space 13824K, 6% used [0x0000000786f00000,0x0000000786fe0000,0x0000000787c80000)
  to   space 14848K, 0% used [0x0000000785f80000,0x0000000785f80000,0x0000000786e00000)
 ParOldGen       total 167936K, used 58849K [0x0000000680000000, 0x000000068a400000, 0x0000000780000000)
  object space 167936K, 35% used [0x0000000680000000,0x0000000683978648,0x000000068a400000)
 Metaspace       used 45820K, committed 47232K, reserved 917504K
  class space    used 6418K, committed 7104K, reserved 851968K
}
Event: 12.453 GC heap after
{Heap after GC invocations=27 (full 2):
 PSYoungGen      total 96256K, used 1009K [0x0000000780000000, 0x0000000787800000, 0x0000000800000000)
  eden space 95232K, 0% used [0x0000000780000000,0x0000000780000000,0x0000000785d00000)
  from space 1024K, 98% used [0x0000000785f80000,0x000000078607c5d0,0x0000000786080000)
  to   space 13824K, 0% used [0x0000000786a80000,0x0000000786a80000,0x0000000787800000)
 ParOldGen       total 167936K, used 59569K [0x0000000680000000, 0x000000068a400000, 0x0000000780000000)
  object space 167936K, 35% used [0x0000000680000000,0x0000000683a2c648,0x000000068a400000)
 Metaspace       used 45820K, committed 47232K, reserved 917504K
  class space    used 6418K, committed 7104K, reserved 851968K
}
Event: 12.873 GC heap before
{Heap before GC invocations=28 (full 2):
 PSYoungGen      total 96256K, used 96241K [0x0000000780000000, 0x0000000787800000, 0x0000000800000000)
  eden space 95232K, 100% used [0x0000000780000000,0x0000000785d00000,0x0000000785d00000)
  from space 1024K, 98% used [0x0000000785f80000,0x000000078607c5d0,0x0000000786080000)
  to   space 13824K, 0% used [0x0000000786a80000,0x0000000786a80000,0x0000000787800000)
 ParOldGen       total 167936K, used 59569K [0x0000000680000000, 0x000000068a400000, 0x0000000780000000)
  object space 167936K, 35% used [0x0000000680000000,0x0000000683a2c648,0x000000068a400000)
 Metaspace       used 45999K, committed 47424K, reserved 917504K
  class space    used 6448K, committed 7168K, reserved 851968K
}
Event: 12.875 GC heap after
{Heap after GC invocations=28 (full 2):
 PSYoungGen      total 102912K, used 1764K [0x0000000780000000, 0x0000000787480000, 0x0000000800000000)
  eden space 92672K, 0% used [0x0000000780000000,0x0000000780000000,0x0000000785a80000)
  from space 10240K, 17% used [0x0000000786a80000,0x0000000786c39278,0x0000000787480000)
  to   space 13312K, 0% used [0x0000000785a80000,0x0000000785a80000,0x0000000786780000)
 ParOldGen       total 167936K, used 59849K [0x0000000680000000, 0x000000068a400000, 0x0000000780000000)
  object space 167936K, 35% used [0x0000000680000000,0x0000000683a72648,0x000000068a400000)
 Metaspace       used 45999K, committed 47424K, reserved 917504K
  class space    used 6448K, committed 7168K, reserved 851968K
}
Event: 13.019 GC heap before
{Heap before GC invocations=29 (full 2):
 PSYoungGen      total 102912K, used 94436K [0x0000000780000000, 0x0000000787480000, 0x0000000800000000)
  eden space 92672K, 100% used [0x0000000780000000,0x0000000785a80000,0x0000000785a80000)
  from space 10240K, 17% used [0x0000000786a80000,0x0000000786c39278,0x0000000787480000)
  to   space 13312K, 0% used [0x0000000785a80000,0x0000000785a80000,0x0000000786780000)
 ParOldGen       total 167936K, used 59849K [0x0000000680000000, 0x000000068a400000, 0x0000000780000000)
  object space 167936K, 35% used [0x0000000680000000,0x0000000683a72648,0x000000068a400000)
 Metaspace       used 45999K, committed 47424K, reserved 917504K
  class space    used 6448K, committed 7168K, reserved 851968K
}
Event: 13.021 GC heap after
{Heap after GC invocations=29 (full 2):
 PSYoungGen      total 92160K, used 1874K [0x0000000780000000, 0x0000000787000000, 0x0000000800000000)
  eden space 90112K, 0% used [0x0000000780000000,0x0000000780000000,0x0000000785800000)
  from space 2048K, 91% used [0x0000000785a80000,0x0000000785c54970,0x0000000785c80000)
  to   space 12288K, 0% used [0x0000000786400000,0x0000000786400000,0x0000000787000000)
 ParOldGen       total 167936K, used 61497K [0x0000000680000000, 0x000000068a400000, 0x0000000780000000)
  object space 167936K, 36% used [0x0000000680000000,0x0000000683c0e668,0x000000068a400000)
 Metaspace       used 45999K, committed 47424K, reserved 917504K
  class space    used 6448K, committed 7168K, reserved 851968K
}
Event: 13.345 GC heap before
{Heap before GC invocations=30 (full 2):
 PSYoungGen      total 92160K, used 91986K [0x0000000780000000, 0x0000000787000000, 0x0000000800000000)
  eden space 90112K, 100% used [0x0000000780000000,0x0000000785800000,0x0000000785800000)
  from space 2048K, 91% used [0x0000000785a80000,0x0000000785c54970,0x0000000785c80000)
  to   space 12288K, 0% used [0x0000000786400000,0x0000000786400000,0x0000000787000000)
 ParOldGen       total 167936K, used 61497K [0x0000000680000000, 0x000000068a400000, 0x0000000780000000)
  object space 167936K, 36% used [0x0000000680000000,0x0000000683c0e668,0x000000068a400000)
 Metaspace       used 46258K, committed 47680K, reserved 917504K
  class space    used 6457K, committed 7168K, reserved 851968K
}
Event: 13.350 GC heap after
{Heap after GC invocations=30 (full 2):
 PSYoungGen      total 103424K, used 2880K [0x0000000780000000, 0x0000000788880000, 0x0000000800000000)
  eden space 91136K, 0% used [0x0000000780000000,0x0000000780000000,0x0000000785900000)
  from space 12288K, 23% used [0x0000000786400000,0x00000007866d0020,0x0000000787000000)
  to   space 11264K, 0% used [0x0000000785900000,0x0000000785900000,0x0000000786400000)
 ParOldGen       total 167936K, used 63339K [0x0000000680000000, 0x000000068a400000, 0x0000000780000000)
  object space 167936K, 37% used [0x0000000680000000,0x0000000683ddafd8,0x000000068a400000)
 Metaspace       used 46258K, committed 47680K, reserved 917504K
  class space    used 6457K, committed 7168K, reserved 851968K
}
Event: 13.595 GC heap before
{Heap before GC invocations=31 (full 2):
 PSYoungGen      total 103424K, used 94016K [0x0000000780000000, 0x0000000788880000, 0x0000000800000000)
  eden space 91136K, 100% used [0x0000000780000000,0x0000000785900000,0x0000000785900000)
  from space 12288K, 23% used [0x0000000786400000,0x00000007866d0020,0x0000000787000000)
  to   space 11264K, 0% used [0x0000000785900000,0x0000000785900000,0x0000000786400000)
 ParOldGen       total 167936K, used 63339K [0x0000000680000000, 0x000000068a400000, 0x0000000780000000)
  object space 167936K, 37% used [0x0000000680000000,0x0000000683ddafd8,0x000000068a400000)
 Metaspace       used 46445K, committed 47808K, reserved 917504K
  class space    used 6485K, committed 7168K, reserved 851968K
}
Event: 13.599 GC heap after
{Heap after GC invocations=31 (full 2):
 PSYoungGen      total 102400K, used 6174K [0x0000000780000000, 0x0000000788b00000, 0x0000000800000000)
  eden space 91136K, 0% used [0x0000000780000000,0x0000000780000000,0x0000000785900000)
  from space 11264K, 54% used [0x0000000785900000,0x0000000785f07800,0x0000000786400000)
  to   space 11776K, 0% used [0x0000000787f80000,0x0000000787f80000,0x0000000788b00000)
 ParOldGen       total 167936K, used 65382K [0x0000000680000000, 0x000000068a400000, 0x0000000780000000)
  object space 167936K, 38% used [0x0000000680000000,0x0000000683fd9990,0x000000068a400000)
 Metaspace       used 46445K, committed 47808K, reserved 917504K
  class space    used 6485K, committed 7168K, reserved 851968K
}
Event: 13.715 GC heap before
{Heap before GC invocations=32 (full 2):
 PSYoungGen      total 102400K, used 97310K [0x0000000780000000, 0x0000000788b00000, 0x0000000800000000)
  eden space 91136K, 100% used [0x0000000780000000,0x0000000785900000,0x0000000785900000)
  from space 11264K, 54% used [0x0000000785900000,0x0000000785f07800,0x0000000786400000)
  to   space 11776K, 0% used [0x0000000787f80000,0x0000000787f80000,0x0000000788b00000)
 ParOldGen       total 167936K, used 65382K [0x0000000680000000, 0x000000068a400000, 0x0000000780000000)
  object space 167936K, 38% used [0x0000000680000000,0x0000000683fd9990,0x000000068a400000)
 Metaspace       used 46447K, committed 47808K, reserved 917504K
  class space    used 6485K, committed 7168K, reserved 851968K
}
Event: 13.719 GC heap after
{Heap after GC invocations=32 (full 2):
 PSYoungGen      total 129536K, used 768K [0x0000000780000000, 0x0000000788a00000, 0x0000000800000000)
  eden space 118784K, 0% used [0x0000000780000000,0x0000000780000000,0x0000000787400000)
  from space 10752K, 7% used [0x0000000787f80000,0x0000000788040000,0x0000000788a00000)
  to   space 11264K, 0% used [0x0000000787400000,0x0000000787400000,0x0000000787f00000)
 ParOldGen       total 167936K, used 71089K [0x0000000680000000, 0x000000068a400000, 0x0000000780000000)
  object space 167936K, 42% used [0x0000000680000000,0x000000068456c480,0x000000068a400000)
 Metaspace       used 46447K, committed 47808K, reserved 917504K
  class space    used 6485K, committed 7168K, reserved 851968K
}
Event: 13.896 GC heap before
{Heap before GC invocations=33 (full 2):
 PSYoungGen      total 129536K, used 119551K [0x0000000780000000, 0x0000000788a00000, 0x0000000800000000)
  eden space 118784K, 99% used [0x0000000780000000,0x00000007873ffff8,0x0000000787400000)
  from space 10752K, 7% used [0x0000000787f80000,0x0000000788040000,0x0000000788a00000)
  to   space 11264K, 0% used [0x0000000787400000,0x0000000787400000,0x0000000787f00000)
 ParOldGen       total 167936K, used 71089K [0x0000000680000000, 0x000000068a400000, 0x0000000780000000)
  object space 167936K, 42% used [0x0000000680000000,0x000000068456c480,0x000000068a400000)
 Metaspace       used 46450K, committed 47808K, reserved 917504K
  class space    used 6485K, committed 7168K, reserved 851968K
}
Event: 13.897 GC heap after
{Heap after GC invocations=33 (full 2):
 PSYoungGen      total 130048K, used 1072K [0x0000000780000000, 0x000000078ac00000, 0x0000000800000000)
  eden space 118784K, 0% used [0x0000000780000000,0x0000000780000000,0x0000000787400000)
  from space 11264K, 9% used [0x0000000787400000,0x000000078750c010,0x0000000787f00000)
  to   space 10752K, 0% used [0x000000078a180000,0x000000078a180000,0x000000078ac00000)
 ParOldGen       total 167936K, used 71589K [0x0000000680000000, 0x000000068a400000, 0x0000000780000000)
  object space 167936K, 42% used [0x0000000680000000,0x00000006845e9490,0x000000068a400000)
 Metaspace       used 46450K, committed 47808K, reserved 917504K
  class space    used 6485K, committed 7168K, reserved 851968K
}

